<?xml version="1.0" encoding="utf-8"?><testsuites name="pytest tests"><testsuite name="pytest" errors="0" failures="0" skipped="0" tests="7" time="2.549" timestamp="2026-08-06T09:34:11.601631+00:00" hostname="agent-env-88a957ab-7e80-4841-9052-e50ff80cc3f2"><testcase classname="backend.tests.test_cvf_import" name="test_cvf_realformat_import" time="1.064" /><testcase classname="backend.tests.test_cvf_import" name="test_existing_cvf_data_intact" time="0.181" /><testcase classname="backend.tests.test_cvf_import" name="test_cvf_reimport_is_idempotent" time="0.272" /><testcase classname="backend.tests.test_cvf_import" name="test_regression_classic_vv_header" time="0.158" /><testcase classname="backend.tests.test_cvf_import" name="test_regression_csv" time="0.206" /><testcase classname="backend.tests.test_cvf_import" name="test_regression_title_plotno_totalamount" time="0.161" /><testcase classname="backend.tests.test_cvf_import" name="test_negative_no_unit_column" time="0.267" /></testsuite></testsuites>