<?xml version="1.0" encoding="utf-8"?><testsuites name="pytest tests"><testsuite name="pytest" errors="0" failures="0" skipped="0" tests="6" time="2.690" timestamp="2026-08-12T12:46:25.320471+00:00" hostname="agent-env-88a957ab-7e80-4841-9052-e50ff80cc3f2"><testcase classname="backend.tests.test_payment_report_and_collections.TestPaymentReportPDF" name="test_post_sales_can_download" time="1.726" /><testcase classname="backend.tests.test_payment_report_and_collections.TestPaymentReportPDF" name="test_admin_can_download" time="0.270" /><testcase classname="backend.tests.test_payment_report_and_collections.TestPaymentReportPDF" name="test_accounts_can_download" time="0.282" /><testcase classname="backend.tests.test_payment_report_and_collections.TestPaymentReportPDF" name="test_unauthenticated_rejected" time="0.104" /><testcase classname="backend.tests.test_payment_report_and_collections.TestCollectionsWidget" name="test_dashboard_has_collections" time="0.125" /><testcase classname="backend.tests.test_payment_report_and_collections.TestCollectionsWidget" name="test_verified_only_counts_paid" time="0.120" /></testsuite></testsuites>