<?xml version="1.0" encoding="utf-8"?><testsuites name="pytest tests"><testsuite name="pytest" errors="0" failures="0" skipped="0" tests="5" time="0.646" timestamp="2026-08-26T06:23:48.008209+00:00" hostname="agent-env-88a957ab-7e80-4841-9052-e50ff80cc3f2"><testcase classname="backend.tests.test_dashboard_newsdash" name="test_cvf_has_vault_flag" time="0.592" /><testcase classname="backend.tests.test_dashboard_newsdash" name="test_vv_no_vault" time="0.000" /><testcase classname="backend.tests.test_dashboard_newsdash" name="test_cvf_pivot_has_many_components" time="0.000" /><testcase classname="backend.tests.test_dashboard_newsdash" name="test_consolidated_has_vault_fields" time="0.000" /><testcase classname="backend.tests.test_dashboard_newsdash" name="test_vv_pivot_still_works" time="0.000" /></testsuite></testsuites>