<?xml version="1.0" encoding="utf-8"?><testsuites name="pytest tests"><testsuite name="pytest" errors="0" failures="0" skipped="0" tests="6" time="2.110" timestamp="2026-08-10T12:08:05.457059+00:00" hostname="agent-env-88a957ab-7e80-4841-9052-e50ff80cc3f2"><testcase classname="backend.tests.test_phase4_edits" name="test_projects_expose_rate_per_sqft" time="0.552" /><testcase classname="backend.tests.test_phase4_edits" name="test_patch_rate_persists_for_vv" time="0.439" /><testcase classname="backend.tests.test_phase4_edits" name="test_patch_rate_unknown_project" time="0.102" /><testcase classname="backend.tests.test_phase4_edits" name="test_dashboard_by_project_shape" time="0.113" /><testcase classname="backend.tests.test_phase4_edits" name="test_sell_with_empty_buyer" time="0.601" /><testcase classname="backend.tests.test_phase4_edits" name="test_sell_requires_schedule" time="0.258" /></testsuite></testsuites>