<?xml version="1.0" encoding="utf-8"?><testsuites name="pytest tests"><testsuite name="pytest" errors="0" failures="0" skipped="0" tests="9" time="3.964" timestamp="2026-08-08T06:00:02.796035+00:00" hostname="agent-env-88a957ab-7e80-4841-9052-e50ff80cc3f2"><testcase classname="backend.tests.test_phase1" name="test_preview_returns_columns_with_suggested_tags" time="0.545" /><testcase classname="backend.tests.test_phase1" name="test_commit_requires_plot_id_tag" time="0.109" /><testcase classname="backend.tests.test_phase1" name="test_commit_vacation_village_end_to_end" time="0.486" /><testcase classname="backend.tests.test_phase1" name="test_units_sorted_numerically_ascending" time="0.145" /><testcase classname="backend.tests.test_phase1" name="test_dashboard_admin_has_by_project_and_consolidated" time="0.106" /><testcase classname="backend.tests.test_phase1" name="test_add_plot_and_edit_plot_and_duplicate" time="0.525" /><testcase classname="backend.tests.test_phase1" name="test_admin_reset_password" time="0.972" /><testcase classname="backend.tests.test_phase1" name="test_sell_unit_with_schedule" time="0.399" /><testcase classname="backend.tests.test_phase1" name="test_zzz_cleanup" time="0.393" /></testsuite></testsuites>