<?xml version="1.0" encoding="utf-8"?><testsuites name="pytest tests"><testsuite name="pytest" errors="0" failures="0" skipped="0" tests="16" time="3.931" timestamp="2026-08-08T06:31:23.209996+00:00" hostname="agent-env-88a957ab-7e80-4841-9052-e50ff80cc3f2"><testcase classname="backend.tests.test_phase3" name="test_create_procurement_with_pi" time="0.850" /><testcase classname="backend.tests.test_phase3" name="test_approve" time="0.138" /><testcase classname="backend.tests.test_phase3" name="test_issue_po" time="0.851" /><testcase classname="backend.tests.test_phase3" name="test_set_milestones" time="0.103" /><testcase classname="backend.tests.test_phase3" name="test_pay_first_milestone_partial" time="0.192" /><testcase classname="backend.tests.test_phase3" name="test_pay_final_milestone_completes" time="0.195" /><testcase classname="backend.tests.test_phase3" name="test_download_pi_with_token" time="0.347" /><testcase classname="backend.tests.test_phase3" name="test_download_missing_token" time="0.098" /><testcase classname="backend.tests.test_phase3" name="test_download_bad_token" time="0.099" /><testcase classname="backend.tests.test_phase3" name="test_download_unknown_file" time="0.135" /><testcase classname="backend.tests.test_phase3" name="test_download_via_bearer_header" time="0.226" /><testcase classname="backend.tests.test_phase3" name="test_accounts_overview_site_head" time="0.140" /><testcase classname="backend.tests.test_phase3" name="test_admin_dashboard_site_bills" time="0.107" /><testcase classname="backend.tests.test_phase3" name="test_action_requires_admin_actionable_state" time="0.099" /><testcase classname="backend.tests.test_phase3" name="test_create_procurement_bad_items" time="0.099" /><testcase classname="backend.tests.test_phase3" name="test_create_procurement_empty_items" time="0.173" /></testsuite></testsuites>