<?xml version="1.0" encoding="utf-8"?><testsuites name="pytest tests"><testsuite name="pytest" errors="0" failures="0" skipped="0" tests="4" time="1.124" timestamp="2026-08-08T06:15:17.558435+00:00" hostname="agent-env-88a957ab-7e80-4841-9052-e50ff80cc3f2"><testcase classname="backend.tests.test_phase2" name="test_sell_with_schedule_not_equal_net_payable" time="0.577" /><testcase classname="backend.tests.test_phase2" name="test_partial_then_full_receipt" time="0.234" /><testcase classname="backend.tests.test_phase2" name="test_zero_and_negative_receipt_rejected" time="0.137" /><testcase classname="backend.tests.test_phase2" name="test_accounts_overview_structure_and_math" time="0.115" /></testsuite></testsuites>