<?xml version="1.0" encoding="utf-8"?><testsuites name="pytest tests"><testsuite name="pytest" errors="0" failures="0" skipped="0" tests="10" time="8.963" timestamp="2026-09-01T11:33:28.837278+00:00" hostname="agent-env-88a957ab-7e80-4841-9052-e50ff80cc3f2"><testcase classname="backend.tests.test_procurement_e2e" name="test_1_sm_creates_pi_with_bifurcation_mismatch" time="2.936" /><testcase classname="backend.tests.test_procurement_e2e" name="test_2_admin_sees_sm_notes_and_items" time="0.234" /><testcase classname="backend.tests.test_procurement_e2e" name="test_3_admin_clarify_opens_resubmit" time="0.272" /><testcase classname="backend.tests.test_procurement_e2e" name="test_4_sm_resubmit_pi_reopens_pending_admin" time="0.385" /><testcase classname="backend.tests.test_procurement_e2e" name="test_5_admin_approve_routes_to_management" time="2.053" /><testcase classname="backend.tests.test_procurement_e2e" name="test_6_mgmt_approve_moves_to_approved" time="0.137" /><testcase classname="backend.tests.test_procurement_e2e" name="test_7_accounts_issue_po_with_note_and_tax" time="1.049" /><testcase classname="backend.tests.test_procurement_e2e" name="test_8_file_download_returns_200" time="0.902" /><testcase classname="backend.tests.test_procurement_e2e" name="test_9_milestones_and_pay" time="0.560" /><testcase classname="backend.tests.test_procurement_e2e" name="test_z_cleanup" time="0.358" /></testsuite></testsuites>