<?xml version="1.0" encoding="utf-8"?><testsuites name="pytest tests"><testsuite name="pytest" errors="0" failures="0" skipped="0" tests="13" time="8.817" timestamp="2026-09-03T09:59:09.364675+00:00" hostname="agent-env-88a957ab-7e80-4841-9052-e50ff80cc3f2"><testcase classname="backend.tests.test_procurement_e2e" name="test_1_sm_creates_pi_pending_admin" time="2.413" /><testcase classname="backend.tests.test_procurement_e2e" name="test_2_pi_download_returns_200_gridfs" time="0.103" /><testcase classname="backend.tests.test_procurement_e2e" name="test_3_admin_clarify_and_sm_resubmit" time="0.377" /><testcase classname="backend.tests.test_procurement_e2e" name="test_4_admin_approve_goes_STRAIGHT_to_approved" time="1.912" /><testcase classname="backend.tests.test_procurement_e2e" name="test_5_mgmt_action_does_not_change_status" time="0.237" /><testcase classname="backend.tests.test_procurement_e2e" name="test_6_accounts_issue_po_immediately" time="0.851" /><testcase classname="backend.tests.test_procurement_e2e" name="test_7_mgmt_action_still_allowed_after_po_issued" time="0.267" /><testcase classname="backend.tests.test_procurement_e2e" name="test_8_downloads_all_gridfs_files_200" time="0.321" /><testcase classname="backend.tests.test_procurement_e2e" name="test_9_admin_cancel_flow" time="0.409" /><testcase classname="backend.tests.test_procurement_e2e" name="test_9b_reject_then_resubmit_reopens_pending_admin" time="0.776" /><testcase classname="backend.tests.test_procurement_e2e" name="test_9c_pi_history_archived_and_old_download_200" time="0.542" /><testcase classname="backend.tests.test_procurement_e2e" name="test_9d_no_pi_history_when_never_rejected" time="0.109" /><testcase classname="backend.tests.test_procurement_e2e" name="test_z_cleanup" time="0.415" /></testsuite></testsuites>