<?xml version="1.0" encoding="utf-8"?><testsuites name="pytest tests"><testsuite name="pytest" errors="0" failures="0" skipped="0" tests="27" time="10.738" timestamp="2026-08-06T07:48:52.282129+00:00" hostname="agent-env-88a957ab-7e80-4841-9052-e50ff80cc3f2"><testcase classname="backend.tests.backend_test" name="test_00_health" time="0.247" /><testcase classname="backend.tests.backend_test" name="test_01_admin_initial_login" time="0.325" /><testcase classname="backend.tests.backend_test" name="test_02_admin_change_password" time="0.614" /><testcase classname="backend.tests.backend_test" name="test_03_admin_relogin" time="0.334" /><testcase classname="backend.tests.backend_test" name="test_04_auth_me" time="0.192" /><testcase classname="backend.tests.backend_test" name="test_10_create_project" time="0.274" /><testcase classname="backend.tests.backend_test" name="test_11_list_projects" time="0.112" /><testcase classname="backend.tests.backend_test" name="test_20_create_team_members" time="1.160" /><testcase classname="backend.tests.backend_test" name="test_21_site_manager_requires_project" time="0.105" /><testcase classname="backend.tests.backend_test" name="test_22_duplicate_phone" time="0.169" /><testcase classname="backend.tests.backend_test" name="test_30_units_import_excel" time="0.139" /><testcase classname="backend.tests.backend_test" name="test_31_list_units" time="0.092" /><testcase classname="backend.tests.backend_test" name="test_40_ps_reset_and_sell" time="1.346" /><testcase classname="backend.tests.backend_test" name="test_41_schedule_mismatch_rejected" time="0.232" /><testcase classname="backend.tests.backend_test" name="test_50_accounts_reset_and_notifications" time="1.486" /><testcase classname="backend.tests.backend_test" name="test_51_accounts_mark_payment_received" time="0.326" /><testcase classname="backend.tests.backend_test" name="test_60_sm_reset_and_procurement" time="1.334" /><testcase classname="backend.tests.backend_test" name="test_61_admin_gets_procurement_notification" time="0.118" /><testcase classname="backend.tests.backend_test" name="test_62_admin_clarify_then_approve" time="0.233" /><testcase classname="backend.tests.backend_test" name="test_63_accounts_records_procurement_payment" time="0.212" /><testcase classname="backend.tests.backend_test" name="test_70_inventory_crud" time="0.429" /><testcase classname="backend.tests.backend_test" name="test_80_notifications_mark_read" time="0.451" /><testcase classname="backend.tests.backend_test" name="test_90_dashboard" time="0.114" /><testcase classname="backend.tests.backend_test" name="test_95_rbac_post_sales_cannot_create_users" time="0.095" /><testcase classname="backend.tests.backend_test" name="test_96_rbac_sm_wrong_project" time="0.110" /><testcase classname="backend.tests.backend_test" name="test_97_rbac_sm_project_scoping" time="0.115" /><testcase classname="backend.tests.backend_test" name="test_98_unauth_users_list" time="0.096" /></testsuite></testsuites>