<?xml version="1.0" encoding="utf-8"?><testsuites name="pytest tests"><testsuite name="pytest" errors="0" failures="0" skipped="0" tests="7" time="3.410" timestamp="2026-08-18T12:12:52.011421+00:00" hostname="agent-env-88a957ab-7e80-4841-9052-e50ff80cc3f2"><testcase classname="backend.tests.test_schedule_grand_total" name="test_sell_with_wrong_schedule_rejected" time="0.842" /><testcase classname="backend.tests.test_schedule_grand_total" name="test_sell_with_correct_schedule_succeeds" time="0.266" /><testcase classname="backend.tests.test_schedule_grand_total" name="test_payment_report_total_payable_equals_schedule" time="0.265" /><testcase classname="backend.tests.test_schedule_grand_total" name="test_edit_schedule_mismatch_rejected" time="0.250" /><testcase classname="backend.tests.test_schedule_grand_total" name="test_edit_schedule_matching_succeeds" time="0.471" /><testcase classname="backend.tests.test_schedule_grand_total" name="test_edit_schedule_forbidden_for_accounts" time="0.645" /><testcase classname="backend.tests.test_schedule_grand_total" name="test_edit_schedule_forbidden_for_admin" time="0.553" /></testsuite></testsuites>