<?xml version="1.0" encoding="utf-8"?><testsuites name="pytest tests"><testsuite name="pytest" errors="0" failures="0" skipped="0" tests="11" time="1.895" timestamp="2026-08-12T07:20:22.427986+00:00" hostname="agent-env-88a957ab-7e80-4841-9052-e50ff80cc3f2"><testcase classname="backend.tests.test_regression_scrub" name="test_login_returns_token" time="0.352" /><testcase classname="backend.tests.test_regression_scrub" name="test_auth_me" time="0.450" /><testcase classname="backend.tests.test_regression_scrub" name="test_dashboard" time="0.107" /><testcase classname="backend.tests.test_regression_scrub" name="test_projects" time="0.105" /><testcase classname="backend.tests.test_regression_scrub" name="test_units_by_project[proj_53fb360c1f0a]" time="0.122" /><testcase classname="backend.tests.test_regression_scrub" name="test_units_by_project[proj_01d7e89ba838]" time="0.107" /><testcase classname="backend.tests.test_regression_scrub" name="test_notifications" time="0.187" /><testcase classname="backend.tests.test_regression_scrub" name="test_accounts_overview" time="0.101" /><testcase classname="backend.tests.test_regression_scrub" name="test_cancellations" time="0.100" /><testcase classname="backend.tests.test_regression_scrub" name="test_procurement" time="0.098" /><testcase classname="backend.tests.test_regression_scrub" name="test_users" time="0.108" /></testsuite></testsuites>