<?xml version="1.0" encoding="utf-8"?><testsuites name="pytest tests"><testsuite name="pytest" errors="0" failures="0" skipped="0" tests="11" time="4.567" timestamp="2026-08-06T09:08:45.418887+00:00" hostname="agent-env-88a957ab-7e80-4841-9052-e50ff80cc3f2"><testcase classname="backend.tests.test_search" name="test_min_query_length" time="2.017" /><testcase classname="backend.tests.test_search" name="test_admin_ravi_finds_plot" time="0.146" /><testcase classname="backend.tests.test_search" name="test_admin_vacation_finds_project" time="0.133" /><testcase classname="backend.tests.test_search" name="test_admin_finds_team" time="0.334" /><testcase classname="backend.tests.test_search" name="test_admin_finds_inventory_and_procurement" time="0.387" /><testcase classname="backend.tests.test_search" name="test_site_manager_scope" time="0.321" /><testcase classname="backend.tests.test_search" name="test_site_manager_no_team_results" time="0.128" /><testcase classname="backend.tests.test_search" name="test_accounts_no_inventory_no_team" time="0.251" /><testcase classname="backend.tests.test_search" name="test_accounts_sees_units_projects_procurement" time="0.321" /><testcase classname="backend.tests.test_search" name="test_post_sales_no_inventory_no_procurement_no_team" time="0.313" /><testcase classname="backend.tests.test_search" name="test_unauthenticated_rejected" time="0.159" /></testsuite></testsuites>