<?xml version="1.0" encoding="utf-8"?><testsuites name="pytest tests"><testsuite name="pytest" errors="0" failures="0" skipped="0" tests="5" time="1.913" timestamp="2026-08-06T09:21:09.380026+00:00" hostname="agent-env-88a957ab-7e80-4841-9052-e50ff80cc3f2"><testcase classname="backend.tests.test_units_import" name="test_import_varied_header_xlsx" time="0.919" /><testcase classname="backend.tests.test_units_import" name="test_import_csv" time="0.291" /><testcase classname="backend.tests.test_units_import" name="test_import_classic_header_xlsx" time="0.163" /><testcase classname="backend.tests.test_units_import" name="test_import_no_header_returns_400" time="0.210" /><testcase classname="backend.tests.test_units_import" name="test_zzz_cleanup" time="0.077" /></testsuite></testsuites>